<?xml version="1.0" encoding="UTF-8"?>
<!-- Generated by org.testng.reporters.JUnitXMLReporter -->
<testsuite hostname="Puneet-Dell" ignored="0" name="nopCommerce_V1Tests" tests="1" failures="0" timestamp="18 Feb 2019 03:19:21 GMT" time="0.373" errors="0">
  <testcase name="@BeforeClass setup" time="0.3" classname="com.nopCommerce_V1.testcases.BaseClass">
    <failure type="java.lang.IllegalStateException" message="The driver executable does not exist: C:\Users\Puneet\eclipse-workspace\Test2\nopCommerce_V1\.\Driverschromedriver_win">
      <![CDATA[java.lang.IllegalStateException: The driver executable does not exist: C:\Users\Puneet\eclipse-workspace\Test2\nopCommerce_V1\.\Driverschromedriver_win
at com.google.common.base.Preconditions.checkState(Preconditions.java:585)
at org.openqa.selenium.remote.service.DriverService.checkExecutable(DriverService.java:146)
at org.openqa.selenium.remote.service.DriverService.findExecutable(DriverService.java:141)
at org.openqa.selenium.chrome.ChromeDriverService.access$000(ChromeDriverService.java:35)
at org.openqa.selenium.chrome.ChromeDriverService$Builder.findDefaultExecutable(ChromeDriverService.java:159)
at org.openqa.selenium.remote.service.DriverService$Builder.build(DriverService.java:355)
at org.openqa.selenium.chrome.ChromeDriverService.createDefaultService(ChromeDriverService.java:94)
at org.openqa.selenium.chrome.ChromeDriver.<init>(ChromeDriver.java:123)
at com.nopCommerce_V1.testcases.BaseClass.setup(BaseClass.java:37)
... Removed 26 stack frames]]>
    </failure>
  </testcase> <!-- @BeforeClass setup -->
  <testcase name="@AfterClass tearDown" time="0.0" classname="com.nopCommerce_V1.testcases.BaseClass">
    <skipped/>
  </testcase> <!-- @AfterClass tearDown -->
  <testcase name="LoginTest" time="0.0" classname="com.nopCommerce_V1.testcases.LoginTest001">
    <skipped/>
  </testcase> <!-- LoginTest -->
</testsuite> <!-- nopCommerce_V1Tests -->
